<?xml version="1.0" encoding="UTF-8"?>
<!-- Generated by org.testng.reporters.JUnitReportReporter -->
<testsuite hostname="INBook_X1" failures="0" tests="1" name="tests.SampleTest" time="27.257" errors="0" timestamp="2025-04-06T12:53:03 IST" skipped="0">
  <testcase classname="tests.SampleTest" name="testGoogle" time="27.257"/>
</testsuite> <!-- tests.SampleTest -->
